[2026-03-09 09:48:01Z INFO HostContext] No proxy settings were found based on environmental variables (http_proxy/https_proxy/HTTP_PROXY/HTTPS_PROXY)
[2026-03-09 09:48:01Z INFO HostContext] Well known directory 'Bin': 'C:\Users\DEVops\Desktop\Fine\node-hello\actions-runner\bin'
[2026-03-09 09:48:01Z INFO HostContext] Well known directory 'Root': 'C:\Users\DEVops\Desktop\Fine\node-hello\actions-runner'
[2026-03-09 09:48:01Z INFO HostContext] Well known config file 'Credentials': 'C:\Users\DEVops\Desktop\Fine\node-hello\actions-runner\.credentials'
[2026-03-09 09:48:01Z INFO HostContext] Well known directory 'Bin': 'C:\Users\DEVops\Desktop\Fine\node-hello\actions-runner\bin'
[2026-03-09 09:48:01Z INFO HostContext] Well known directory 'Root': 'C:\Users\DEVops\Desktop\Fine\node-hello\actions-runner'
[2026-03-09 09:48:01Z INFO HostContext] Well known config file 'Runner': 'C:\Users\DEVops\Desktop\Fine\node-hello\actions-runner\.runner'
[2026-03-09 09:48:01Z INFO Listener] Runner is built for Windows (X64) - win-x64.
[2026-03-09 09:48:01Z INFO Listener] RuntimeInformation: Microsoft Windows 10.0.19045.
[2026-03-09 09:48:01Z INFO Listener] Version: 2.332.0
[2026-03-09 09:48:01Z INFO Listener] Commit: a153d802ff96c51ac1b8d72dd8a38ebe830398fc
[2026-03-09 09:48:01Z INFO Listener] Culture: en-IN
[2026-03-09 09:48:01Z INFO Listener] UI Culture: en-GB
[2026-03-09 09:48:01Z INFO HostContext] Well known directory 'Bin': 'C:\Users\DEVops\Desktop\Fine\node-hello\actions-runner\bin'
[2026-03-09 09:48:01Z INFO HostContext] Well known directory 'Root': 'C:\Users\DEVops\Desktop\Fine\node-hello\actions-runner'
[2026-03-09 09:48:01Z INFO Listener] Validating directory permissions for: 'C:\Users\DEVops\Desktop\Fine\node-hello\actions-runner'
[2026-03-09 09:48:01Z INFO CommandLineParser] Parse
[2026-03-09 09:48:01Z INFO CommandLineParser] Parsing 5 args
[2026-03-09 09:48:01Z INFO CommandLineParser] parsing argument
[2026-03-09 09:48:01Z INFO CommandLineParser] HasArgs: False
[2026-03-09 09:48:01Z INFO CommandLineParser] Adding Command: configure
[2026-03-09 09:48:01Z INFO CommandLineParser] parsing argument
[2026-03-09 09:48:01Z INFO CommandLineParser] HasArgs: True
[2026-03-09 09:48:01Z INFO CommandLineParser] arg: url
[2026-03-09 09:48:01Z INFO CommandLineParser] parsing argument
[2026-03-09 09:48:01Z INFO CommandLineParser] HasArgs: True
[2026-03-09 09:48:01Z INFO CommandLineParser] Adding option 'url': 'https://github.com/krishna-3004/Pineapple'
[2026-03-09 09:48:01Z INFO CommandLineParser] parsing argument
[2026-03-09 09:48:01Z INFO CommandLineParser] HasArgs: True
[2026-03-09 09:48:01Z INFO CommandLineParser] arg: token
[2026-03-09 09:48:01Z INFO CommandLineParser] parsing argument
[2026-03-09 09:48:01Z INFO CommandLineParser] HasArgs: True
[2026-03-09 09:48:02Z INFO CommandLineParser] Adding option 'token': '***'
[2026-03-09 09:48:02Z INFO Listener] Arguments parsed
[2026-03-09 09:48:02Z INFO Runner] ExecuteCommand
[2026-03-09 09:48:02Z INFO ConfigurationStore] currentAssemblyLocation: C:\Users\DEVops\Desktop\Fine\node-hello\actions-runner\bin\Runner.Listener.dll
[2026-03-09 09:48:02Z INFO HostContext] Well known directory 'Bin': 'C:\Users\DEVops\Desktop\Fine\node-hello\actions-runner\bin'
[2026-03-09 09:48:02Z INFO ConfigurationStore] binPath: C:\Users\DEVops\Desktop\Fine\node-hello\actions-runner\bin
[2026-03-09 09:48:02Z INFO HostContext] Well known directory 'Bin': 'C:\Users\DEVops\Desktop\Fine\node-hello\actions-runner\bin'
[2026-03-09 09:48:02Z INFO HostContext] Well known directory 'Root': 'C:\Users\DEVops\Desktop\Fine\node-hello\actions-runner'
[2026-03-09 09:48:02Z INFO ConfigurationStore] RootFolder: C:\Users\DEVops\Desktop\Fine\node-hello\actions-runner
[2026-03-09 09:48:02Z INFO HostContext] Well known directory 'Bin': 'C:\Users\DEVops\Desktop\Fine\node-hello\actions-runner\bin'
[2026-03-09 09:48:02Z INFO HostContext] Well known directory 'Root': 'C:\Users\DEVops\Desktop\Fine\node-hello\actions-runner'
[2026-03-09 09:48:02Z INFO HostContext] Well known config file 'Runner': 'C:\Users\DEVops\Desktop\Fine\node-hello\actions-runner\.runner'
[2026-03-09 09:48:02Z INFO ConfigurationStore] ConfigFilePath: C:\Users\DEVops\Desktop\Fine\node-hello\actions-runner\.runner
[2026-03-09 09:48:02Z INFO HostContext] Well known directory 'Bin': 'C:\Users\DEVops\Desktop\Fine\node-hello\actions-runner\bin'
[2026-03-09 09:48:02Z INFO HostContext] Well known directory 'Root': 'C:\Users\DEVops\Desktop\Fine\node-hello\actions-runner'
[2026-03-09 09:48:02Z INFO HostContext] Well known config file 'MigratedRunner': 'C:\Users\DEVops\Desktop\Fine\node-hello\actions-runner\.runner_migrated'
[2026-03-09 09:48:02Z INFO ConfigurationStore] MigratedConfigFilePath: C:\Users\DEVops\Desktop\Fine\node-hello\actions-runner\.runner_migrated
[2026-03-09 09:48:02Z INFO HostContext] Well known directory 'Bin': 'C:\Users\DEVops\Desktop\Fine\node-hello\actions-runner\bin'
[2026-03-09 09:48:02Z INFO HostContext] Well known directory 'Root': 'C:\Users\DEVops\Desktop\Fine\node-hello\actions-runner'
[2026-03-09 09:48:02Z INFO HostContext] Well known config file 'Credentials': 'C:\Users\DEVops\Desktop\Fine\node-hello\actions-runner\.credentials'
[2026-03-09 09:48:02Z INFO ConfigurationStore] CredFilePath: C:\Users\DEVops\Desktop\Fine\node-hello\actions-runner\.credentials
[2026-03-09 09:48:02Z INFO HostContext] Well known directory 'Bin': 'C:\Users\DEVops\Desktop\Fine\node-hello\actions-runner\bin'
[2026-03-09 09:48:02Z INFO HostContext] Well known directory 'Root': 'C:\Users\DEVops\Desktop\Fine\node-hello\actions-runner'
[2026-03-09 09:48:02Z INFO HostContext] Well known config file 'MigratedCredentials': 'C:\Users\DEVops\Desktop\Fine\node-hello\actions-runner\.credentials_migrated'
[2026-03-09 09:48:02Z INFO ConfigurationStore] MigratedCredFilePath: C:\Users\DEVops\Desktop\Fine\node-hello\actions-runner\.credentials_migrated
[2026-03-09 09:48:02Z INFO HostContext] Well known directory 'Bin': 'C:\Users\DEVops\Desktop\Fine\node-hello\actions-runner\bin'
[2026-03-09 09:48:02Z INFO HostContext] Well known directory 'Root': 'C:\Users\DEVops\Desktop\Fine\node-hello\actions-runner'
[2026-03-09 09:48:02Z INFO HostContext] Well known config file 'Service': 'C:\Users\DEVops\Desktop\Fine\node-hello\actions-runner\.service'
[2026-03-09 09:48:02Z INFO ConfigurationStore] ServiceConfigFilePath: C:\Users\DEVops\Desktop\Fine\node-hello\actions-runner\.service
[2026-03-09 09:48:02Z INFO CommandSettings] Flag 'help': 'False'
[2026-03-09 09:48:02Z INFO CommandSettings] Flag 'version': 'False'
[2026-03-09 09:48:02Z INFO CommandSettings] Flag 'commit': 'False'
[2026-03-09 09:48:02Z INFO CommandSettings] Flag 'check': 'False'
[2026-03-09 09:48:02Z INFO CommandSettings] Command 'configure': 'True'
[2026-03-09 09:48:02Z INFO Terminal] WRITE LINE: 
[2026-03-09 09:48:02Z INFO Terminal] WRITE LINE: --------------------------------------------------------------------------------
[2026-03-09 09:48:02Z INFO Terminal] WRITE LINE: |        ____ _ _   _   _       _          _        _   _                      |
[2026-03-09 09:48:02Z INFO Terminal] WRITE LINE: |       / ___(_) |_| | | |_   _| |__      / \   ___| |_(_) ___  _ __  ___      |
[2026-03-09 09:48:02Z INFO Terminal] WRITE LINE: |      | |  _| | __| |_| | | | | '_ \    / _ \ / __| __| |/ _ \| '_ \/ __|     |
[2026-03-09 09:48:02Z INFO Terminal] WRITE LINE: |      | |_| | | |_|  _  | |_| | |_) |  / ___ \ (__| |_| | (_) | | | \__ \     |
[2026-03-09 09:48:02Z INFO Terminal] WRITE LINE: |       \____|_|\__|_| |_|\__,_|_.__/  /_/   \_\___|\__|_|\___/|_| |_|___/     |
[2026-03-09 09:48:02Z INFO Terminal] WRITE LINE: |                                                                              |
[2026-03-09 09:48:02Z INFO Terminal] WRITE: |                       
[2026-03-09 09:48:02Z INFO Terminal] WRITE: Self-hosted runner registration
[2026-03-09 09:48:02Z INFO Terminal] WRITE LINE:                         |
[2026-03-09 09:48:02Z INFO Terminal] WRITE LINE: |                                                                              |
[2026-03-09 09:48:02Z INFO Terminal] WRITE LINE: --------------------------------------------------------------------------------
[2026-03-09 09:48:02Z INFO ConfigurationManager] ConfigureAsync
[2026-03-09 09:48:02Z INFO CommandSettings] Flag 'generateServiceConfig': 'False'
[2026-03-09 09:48:02Z INFO ConfigurationStore] IsConfigured()
[2026-03-09 09:48:02Z INFO ConfigurationStore] IsConfigured: False
[2026-03-09 09:48:02Z INFO ConfigurationManager] Is configured: False
[2026-03-09 09:48:02Z INFO CommandSettings] Arg 'url': 'https://github.com/krishna-3004/Pineapple'
[2026-03-09 09:48:02Z INFO CommandSettings] Remove url from Arg dictionary.
[2026-03-09 09:48:02Z INFO CommandSettings] Arg 'token': '***'
[2026-03-09 09:48:02Z INFO CommandSettings] Remove token from Arg dictionary.
[2026-03-09 09:48:02Z INFO ConfigurationManager] Http response code: OK from 'POST https://api.github.com/actions/runner-registration' (CC0E:B5A26:187A7B1:1E12A94:69AE9752)
[2026-03-09 09:48:02Z INFO ConfigurationManager] Using runner-admin flow: False
[2026-03-09 09:48:02Z INFO ConfigurationManager] cred retrieved via GitHub auth
[2026-03-09 09:48:02Z INFO RunnerServer] EstablishVssConnection
[2026-03-09 09:48:02Z INFO RunnerServer] Establish connection with 100 seconds timeout.
[2026-03-09 09:48:03Z INFO GitHubActionsService] Starting operation Location.GetConnectionData
[2026-03-09 09:48:03Z INFO RunnerServer] EstablishVssConnection
[2026-03-09 09:48:03Z INFO RunnerServer] Establish connection with 60 seconds timeout.
[2026-03-09 09:48:03Z INFO GitHubActionsService] Starting operation Location.GetConnectionData
[2026-03-09 09:48:03Z INFO RunnerServer] EstablishVssConnection
[2026-03-09 09:48:03Z INFO RunnerServer] Establish connection with 60 seconds timeout.
[2026-03-09 09:48:03Z INFO GitHubActionsService] Starting operation Location.GetConnectionData
[2026-03-09 09:48:04Z INFO GitHubActionsService] Finished operation Location.GetConnectionData
[2026-03-09 09:48:04Z INFO GitHubActionsService] Finished operation Location.GetConnectionData
[2026-03-09 09:48:04Z INFO GitHubActionsService] Finished operation Location.GetConnectionData
[2026-03-09 09:48:04Z INFO Terminal] WRITE LINE: 
[2026-03-09 09:48:04Z INFO ConfigurationManager] Test Connection complete.
[2026-03-09 09:48:04Z INFO HostContext] Well known directory 'Bin': 'C:\Users\DEVops\Desktop\Fine\node-hello\actions-runner\bin'
[2026-03-09 09:48:04Z INFO HostContext] Well known directory 'Root': 'C:\Users\DEVops\Desktop\Fine\node-hello\actions-runner'
[2026-03-09 09:48:04Z INFO HostContext] Well known config file 'RSACredentials': 'C:\Users\DEVops\Desktop\Fine\node-hello\actions-runner\.credentials_rsaparams'
[2026-03-09 09:48:04Z INFO RSAEncryptedFileKeyManager] Creating new RSA key using 2048-bit key length
[2026-03-09 09:48:04Z INFO RSAEncryptedFileKeyManager] Successfully saved RSA key parameters to file C:\Users\DEVops\Desktop\Fine\node-hello\actions-runner\.credentials_rsaparams
[2026-03-09 09:48:05Z INFO CommandSettings] Arg 'runnergroup': ''
[2026-03-09 09:48:05Z INFO CommandSettings] Flag 'unattended': 'False'
[2026-03-09 09:48:05Z INFO PromptManager] ReadValue
[2026-03-09 09:48:05Z INFO Terminal] WRITE: Enter the name of the runner group to add this runner to: 
[2026-03-09 09:48:05Z INFO Terminal] WRITE: [press Enter for Default] 
[2026-03-09 09:48:05Z INFO Terminal] READ LINE
[2026-03-09 09:48:12Z INFO Terminal] Read value: ''
[2026-03-09 09:48:12Z INFO PromptManager] Falling back to the default: 'Default'
[2026-03-09 09:48:12Z INFO Terminal] WRITE LINE: 
[2026-03-09 09:48:12Z INFO ConfigurationManager] Found a self-hosted runner group with id 1 and name Default
[2026-03-09 09:48:12Z INFO CommandSettings] Flag 'disableupdate': 'False'
[2026-03-09 09:48:12Z INFO CommandSettings] Flag 'ephemeral': 'False'
[2026-03-09 09:48:12Z INFO CommandSettings] Arg 'name': ''
[2026-03-09 09:48:12Z INFO CommandSettings] Flag 'unattended': 'False'
[2026-03-09 09:48:12Z INFO PromptManager] ReadValue
[2026-03-09 09:48:12Z INFO Terminal] WRITE: Enter the name of runner: 
[2026-03-09 09:48:12Z INFO Terminal] WRITE: [press Enter for DESKTOP-52CQTH0] 
[2026-03-09 09:48:12Z INFO Terminal] READ LINE
[2026-03-09 09:48:16Z INFO Terminal] Read value: ''
[2026-03-09 09:48:16Z INFO PromptManager] Falling back to the default: 'DESKTOP-52CQTH0'
[2026-03-09 09:48:16Z INFO Terminal] WRITE LINE: 
[2026-03-09 09:48:16Z INFO CommandSettings] Arg 'labels': ''
[2026-03-09 09:48:16Z INFO CommandSettings] Flag 'unattended': 'False'
[2026-03-09 09:48:16Z INFO PromptManager] ReadValue
[2026-03-09 09:48:16Z INFO Terminal] WRITE: This runner will have the following labels: 'self-hosted', 'Windows', 'X64' 
Enter any additional labels (ex. label-1,label-2): 
[2026-03-09 09:48:16Z INFO Terminal] WRITE: [press Enter to skip] 
[2026-03-09 09:48:16Z INFO Terminal] READ LINE
[2026-03-09 09:48:22Z INFO Terminal] Read value: ''
[2026-03-09 09:48:22Z INFO Terminal] WRITE LINE: 
[2026-03-09 09:48:22Z INFO CommandSettings] Flag 'disableupdate': 'False'
[2026-03-09 09:48:22Z INFO CommandSettings] Flag 'no-default-labels': 'False'
[2026-03-09 09:48:23Z INFO CommandSettings] Flag 'disableupdate': 'False'
[2026-03-09 09:48:23Z INFO CommandSettings] Flag 'ephemeral': 'False'
[2026-03-09 09:48:23Z INFO ConfigurationStore] Saving OAuth credential @ C:\Users\DEVops\Desktop\Fine\node-hello\actions-runner\.credentials
[2026-03-09 09:48:23Z INFO ConfigurationStore] Credentials Saved.
[2026-03-09 09:48:23Z INFO ConfigurationManager] Service enforced serverUrlV2: https://broker.actions.githubusercontent.com/
[2026-03-09 09:48:23Z INFO ConfigurationManager] Service enforced useV2Flow: True
[2026-03-09 09:48:23Z INFO CommandSettings] Arg 'work': ''
[2026-03-09 09:48:23Z INFO CommandSettings] Flag 'unattended': 'False'
[2026-03-09 09:48:23Z INFO PromptManager] ReadValue
[2026-03-09 09:48:23Z INFO Terminal] WRITE: Enter name of work folder: 
[2026-03-09 09:48:23Z INFO Terminal] WRITE: [press Enter for _work] 
[2026-03-09 09:48:23Z INFO Terminal] READ LINE
[2026-03-09 09:48:30Z INFO Terminal] Read value: 'ok'
[2026-03-09 09:48:30Z INFO ConfigurationStore] Saving runner settings.
[2026-03-09 09:48:30Z INFO ConfigurationStore] Settings Saved.
[2026-03-09 09:48:30Z INFO Terminal] WRITE LINE: 
[2026-03-09 09:48:30Z INFO Terminal] WRITE LINE: 
[2026-03-09 09:48:30Z INFO CommandSettings] Flag 'runasservice': 'False'
[2026-03-09 09:48:30Z INFO CommandSettings] Flag 'unattended': 'False'
[2026-03-09 09:48:30Z INFO PromptManager] ReadValue
[2026-03-09 09:48:30Z INFO Terminal] WRITE: Would you like to run the runner as service? (Y/N) 
[2026-03-09 09:48:30Z INFO Terminal] WRITE: [press Enter for N] 
[2026-03-09 09:48:30Z INFO Terminal] READ LINE
[2026-03-09 09:55:32Z ERR  Runner] System.IO.IOException: No process is on the other end of the pipe.
   at System.ConsolePal.WindowsConsoleStream.Read(Span`1 buffer)
   at System.IO.ConsoleStream.Read(Byte[] buffer, Int32 offset, Int32 count)
   at System.IO.StreamReader.ReadBuffer()
   at System.IO.StreamReader.ReadLine()
   at System.IO.SyncTextReader.ReadLine()
   at System.Console.ReadLine()
   at GitHub.Runner.Common.Terminal.ReadLine()
   at GitHub.Runner.Listener.Configuration.PromptManager.ReadValue(String argName, String description, Boolean secret, String defaultValue, Func`2 validator, Boolean unattended, Boolean isOptional)
   at GitHub.Runner.Listener.Configuration.PromptManager.ReadBool(String argName, String description, Boolean defaultValue, Boolean unattended)
   at GitHub.Runner.Listener.CommandSettings.TestFlagOrPrompt(String name, String description, Boolean defaultValue)
   at GitHub.Runner.Listener.CommandSettings.GetRunAsService()
   at GitHub.Runner.Listener.Configuration.ConfigurationManager.ConfigureAsync(CommandSettings command)
   at GitHub.Runner.Listener.Runner.ExecuteCommand(CommandSettings command)
[2026-03-09 09:55:32Z ERR  Terminal] WRITE ERROR: No process is on the other end of the pipe.
[2026-03-09 09:55:32Z ERR  Terminal] WRITE ERROR: An error occurred: No process is on the other end of the pipe.
